<?xml version="1.0" encoding="UTF-8"?>
<testsuite xmlns:xsi="http://www.w3.org/2001/XMLSchema-instance" xsi:noNamespaceSchemaLocation="https://maven.apache.org/surefire/maven-surefire-plugin/xsd/surefire-test-report.xsd" name="fr.umfds.TPtestServicesREST2.TestBrainstormTest" time="0.995" tests="6" errors="0" skipped="0" failures="0">
  <properties>
[...]
</properties>
  <testcase name="getRessourceTest" classname="fr.umfds.TPtestServicesREST2.TestBrainstormTest" time="0.978"/>
  <testcase name="addTest" classname="fr.umfds.TPtestServicesREST2.TestBrainstormTest" time="0"/>
  <testcase name="getBraistormByIdTest" classname="fr.umfds.TPtestServicesREST2.TestBrainstormTest" time="0.004"/>
  <testcase name="getBrainStormIdeas" classname="fr.umfds.TPtestServicesREST2.TestBrainstormTest" time="0.001"/>
  <testcase name="putBrainStorm" classname="fr.umfds.TPtestServicesREST2.TestBrainstormTest" time="0.001"/>
  <testcase name="addBrainStorm" classname="fr.umfds.TPtestServicesREST2.TestBrainstormTest" time="0.002"/>
</testsuite>